This file contains any messages produced by compilers while
running configure, to aid debugging if configure makes a mistake.

It was created by configure, which was
generated by GNU Autoconf 2.69.  Invocation command line was

  $ ./configure 

## --------- ##
## Platform. ##
## --------- ##

hostname = mortie-K42JY
uname -m = x86_64
uname -r = 5.4.0-42-generic
uname -s = Linux
uname -v = #46-Ubuntu SMP Fri Jul 10 00:24:02 UTC 2020

/usr/bin/uname -p = unknown
/bin/uname -X     = unknown

/bin/arch              = unknown
/usr/bin/arch -k       = unknown
/usr/convex/getsysinfo = unknown
/usr/bin/hostinfo      = unknown
/bin/machine           = unknown
/usr/bin/oslevel       = unknown
/bin/universe          = unknown

PATH: /usr/local/sbin
PATH: /usr/local/bin
PATH: /usr/sbin
PATH: /usr/bin
PATH: /sbin
PATH: /bin
PATH: /usr/games
PATH: /usr/local/games
PATH: /snap/bin
PATH: /opt/mssql-tools/bin
PATH: /home/mortie/.local/bin
PATH: /opt/mssql-tools/bin
PATH: /home/mortie/Applications/node-v12.16.3-linux-x64/bin/


## ----------- ##
## Core tests. ##
## ----------- ##

configure:2360: checking for a BSD-compatible install
configure:2428: result: /usr/bin/install -c
configure:2439: checking whether build environment is sane
configure:2494: result: yes
configure:2643: checking for a thread-safe mkdir -p
configure:2682: result: /bin/mkdir -p
configure:2689: checking for gawk
configure:2705: found /usr/bin/gawk
configure:2716: result: gawk
configure:2727: checking whether make sets $(MAKE)
configure:2749: result: yes
configure:2778: checking whether make supports nested variables
configure:2795: result: yes
configure:3015: checking for g++
configure:3031: found /usr/bin/g++
configure:3042: result: g++
configure:3069: checking for C++ compiler version
configure:3078: g++ --version >&5
g++ (Ubuntu 9.3.0-10ubuntu2) 9.3.0
Copyright (C) 2019 Free Software Foundation, Inc.
This is free software; see the source for copying conditions.  There is NO
warranty; not even for MERCHANTABILITY or FITNESS FOR A PARTICULAR PURPOSE.

configure:3089: $? = 0
configure:3078: g++ -v >&5
Using built-in specs.
COLLECT_GCC=g++
COLLECT_LTO_WRAPPER=/usr/lib/gcc/x86_64-linux-gnu/9/lto-wrapper
OFFLOAD_TARGET_NAMES=nvptx-none:hsa
OFFLOAD_TARGET_DEFAULT=1
Target: x86_64-linux-gnu
Configured with: ../src/configure -v --with-pkgversion='Ubuntu 9.3.0-10ubuntu2' --with-bugurl=file:///usr/share/doc/gcc-9/README.Bugs --enable-languages=c,ada,c++,go,brig,d,fortran,objc,obj-c++,gm2 --prefix=/usr --with-gcc-major-version-only --program-suffix=-9 --program-prefix=x86_64-linux-gnu- --enable-shared --enable-linker-build-id --libexecdir=/usr/lib --without-included-gettext --enable-threads=posix --libdir=/usr/lib --enable-nls --enable-clocale=gnu --enable-libstdcxx-debug --enable-libstdcxx-time=yes --with-default-libstdcxx-abi=new --enable-gnu-unique-object --disable-vtable-verify --enable-plugin --enable-default-pie --with-system-zlib --with-target-system-zlib=auto --enable-objc-gc=auto --enable-multiarch --disable-werror --with-arch-32=i686 --with-abi=m64 --with-multilib-list=m32,m64,mx32 --enable-multilib --with-tune=generic --enable-offload-targets=nvptx-none,hsa --without-cuda-driver --enable-checking=release --build=x86_64-linux-gnu --host=x86_64-linux-gnu --target=x86_64-linux-gnu
Thread model: posix
gcc version 9.3.0 (Ubuntu 9.3.0-10ubuntu2) 
configure:3089: $? = 0
configure:3078: g++ -V >&5
g++: error: unrecognized command line option '-V'
g++: fatal error: no input files
compilation terminated.
configure:3089: $? = 1
configure:3078: g++ -qversion >&5
g++: error: unrecognized command line option '-qversion'; did you mean '--version'?
g++: fatal error: no input files
compilation terminated.
configure:3089: $? = 1
configure:3109: checking whether the C++ compiler works
configure:3131: g++    conftest.cpp  >&5
configure:3135: $? = 0
configure:3183: result: yes
configure:3186: checking for C++ compiler default output file name
configure:3188: result: a.out
configure:3194: checking for suffix of executables
configure:3201: g++ -o conftest    conftest.cpp  >&5
configure:3205: $? = 0
configure:3227: result: 
configure:3249: checking whether we are cross compiling
configure:3257: g++ -o conftest    conftest.cpp  >&5
configure:3261: $? = 0
configure:3268: ./conftest
configure:3272: $? = 0
configure:3260: result: no
configure:3265: checking for suffix of object files
configure:3287: g++ -c   conftest.cpp >&5
configure:3291: $? = 0
configure:3312: result: o
configure:3316: checking whether we are using the GNU C++ compiler
configure:3335: g++ -c   conftest.cpp >&5
configure:3335: $? = 0
configure:3344: result: yes
configure:3353: checking whether g++ accepts -g
configure:3373: g++ -c -g  conftest.cpp >&5
configure:3373: $? = 0
configure:3414: result: yes
configure:3448: checking for style of include used by make
configure:3476: result: GNU
configure:3502: checking dependency style of g++
configure:3613: result: gcc3
configure:3676: checking for gcc
configure:3692: found /usr/bin/gcc
configure:3703: result: gcc
configure:3932: checking for C compiler version
configure:3941: gcc --version >&5
gcc (Ubuntu 9.3.0-10ubuntu2) 9.3.0
Copyright (C) 2019 Free Software Foundation, Inc.
This is free software; see the source for copying conditions.  There is NO
warranty; not even for MERCHANTABILITY or FITNESS FOR A PARTICULAR PURPOSE.

configure:3952: $? = 0
configure:3941: gcc -v >&5
Using built-in specs.
COLLECT_GCC=gcc
COLLECT_LTO_WRAPPER=/usr/lib/gcc/x86_64-linux-gnu/9/lto-wrapper
OFFLOAD_TARGET_NAMES=nvptx-none:hsa
OFFLOAD_TARGET_DEFAULT=1
Target: x86_64-linux-gnu
Configured with: ../src/configure -v --with-pkgversion='Ubuntu 9.3.0-10ubuntu2' --with-bugurl=file:///usr/share/doc/gcc-9/README.Bugs --enable-languages=c,ada,c++,go,brig,d,fortran,objc,obj-c++,gm2 --prefix=/usr --with-gcc-major-version-only --program-suffix=-9 --program-prefix=x86_64-linux-gnu- --enable-shared --enable-linker-build-id --libexecdir=/usr/lib --without-included-gettext --enable-threads=posix --libdir=/usr/lib --enable-nls --enable-clocale=gnu --enable-libstdcxx-debug --enable-libstdcxx-time=yes --with-default-libstdcxx-abi=new --enable-gnu-unique-object --disable-vtable-verify --enable-plugin --enable-default-pie --with-system-zlib --with-target-system-zlib=auto --enable-objc-gc=auto --enable-multiarch --disable-werror --with-arch-32=i686 --with-abi=m64 --with-multilib-list=m32,m64,mx32 --enable-multilib --with-tune=generic --enable-offload-targets=nvptx-none,hsa --without-cuda-driver --enable-checking=release --build=x86_64-linux-gnu --host=x86_64-linux-gnu --target=x86_64-linux-gnu
Thread model: posix
gcc version 9.3.0 (Ubuntu 9.3.0-10ubuntu2) 
configure:3952: $? = 0
configure:3941: gcc -V >&5
gcc: error: unrecognized command line option '-V'
gcc: fatal error: no input files
compilation terminated.
configure:3952: $? = 1
configure:3941: gcc -qversion >&5
gcc: error: unrecognized command line option '-qversion'; did you mean '--version'?
gcc: fatal error: no input files
compilation terminated.
configure:3952: $? = 1
configure:3956: checking whether we are using the GNU C compiler
configure:3975: gcc -c   conftest.c >&5
configure:3975: $? = 0
configure:3984: result: yes
configure:3993: checking whether gcc accepts -g
configure:4013: gcc -c -g  conftest.c >&5
configure:4013: $? = 0
configure:4054: result: yes
configure:4071: checking for gcc option to accept ISO C89
configure:4134: gcc  -c -g -O2  conftest.c >&5
configure:4134: $? = 0
configure:4147: result: none needed
configure:4172: checking whether gcc understands -c and -o together
configure:4194: gcc -c conftest.c -o conftest2.o
configure:4197: $? = 0
configure:4194: gcc -c conftest.c -o conftest2.o
configure:4197: $? = 0
configure:4209: result: yes
configure:4228: checking dependency style of gcc
configure:4339: result: gcc3
configure:4359: checking for flex
configure:4389: result: no
configure:4359: checking for lex
configure:4389: result: no
configure:4521: checking for bison
configure:4551: result: no
configure:4521: checking for byacc
configure:4551: result: no
configure:4589: checking build system type
configure:4603: result: x86_64-unknown-linux-gnu
configure:4623: checking host system type
configure:4636: result: x86_64-unknown-linux-gnu
configure:4677: checking how to print strings
configure:4704: result: printf
configure:4725: checking for a sed that does not truncate output
configure:4789: result: /bin/sed
configure:4807: checking for grep that handles long lines and -e
configure:4865: result: /bin/grep
configure:4870: checking for egrep
configure:4932: result: /bin/grep -E
configure:4937: checking for fgrep
configure:4999: result: /bin/grep -F
configure:5034: checking for ld used by gcc
configure:5101: result: /usr/bin/ld
configure:5108: checking if the linker (/usr/bin/ld) is GNU ld
configure:5123: result: yes
configure:5135: checking for BSD- or MS-compatible name lister (nm)
configure:5189: result: /usr/bin/nm -B
configure:5319: checking the name lister (/usr/bin/nm -B) interface
configure:5326: gcc -c -g -O2  conftest.c >&5
configure:5329: /usr/bin/nm -B "conftest.o"
configure:5332: output
0000000000000000 B some_variable
configure:5333: result: BSD nm
configure:5336: checking whether ln -s works
configure:5340: result: yes
configure:5348: checking the maximum length of command line arguments
configure:5479: result: 1572864
configure:5527: checking how to convert x86_64-unknown-linux-gnu file names to x86_64-unknown-linux-gnu format
configure:5567: result: func_convert_file_noop
configure:5574: checking how to convert x86_64-unknown-linux-gnu file names to toolchain format
configure:5594: result: func_convert_file_noop
configure:5601: checking for /usr/bin/ld option to reload object files
configure:5608: result: -r
configure:5682: checking for objdump
configure:5698: found /usr/bin/objdump
configure:5709: result: objdump
configure:5741: checking how to recognize dependent libraries
configure:5941: result: pass_all
configure:6026: checking for dlltool
configure:6056: result: no
configure:6086: checking how to associate runtime and link libraries
configure:6113: result: printf %s\n
configure:6173: checking for ar
configure:6189: found /usr/bin/ar
configure:6200: result: ar
configure:6237: checking for archiver @FILE support
configure:6254: gcc -c -g -O2  conftest.c >&5
configure:6254: $? = 0
configure:6257: ar cru libconftest.a @conftest.lst >&5
ar: `u' modifier ignored since `D' is the default (see `U')
configure:6260: $? = 0
configure:6265: ar cru libconftest.a @conftest.lst >&5
ar: `u' modifier ignored since `D' is the default (see `U')
ar: conftest.o: No such file or directory
configure:6268: $? = 1
configure:6267: result: @
configure:6325: checking for strip
configure:6341: found /usr/bin/strip
configure:6352: result: strip
configure:6424: checking for ranlib
configure:6440: found /usr/bin/ranlib
configure:6451: result: ranlib
configure:6553: checking command to parse /usr/bin/nm -B output from gcc object
configure:6706: gcc -c -g -O2  conftest.c >&5
configure:6709: $? = 0
configure:6713: /usr/bin/nm -B conftest.o \| sed -n -e 's/^.*[ ]\([ABCDGIRSTW][ABCDGIRSTW]*\)[ ][ ]*\([_A-Za-z][_A-Za-z0-9]*\)$/\1 \2 \2/p' | sed '/ __gnu_lto/d' \> conftest.nm
configure:6716: $? = 0
configure:6782: gcc -o conftest -g -O2   conftest.c conftstm.o >&5
configure:6785: $? = 0
configure:6823: result: ok
configure:6870: checking for sysroot
configure:6900: result: no
configure:6907: checking for a working dd
configure:6945: result: /bin/dd
configure:6949: checking how to truncate binary pipes
configure:6964: result: /bin/dd bs=4096 count=1
configure:7100: gcc -c -g -O2  conftest.c >&5
configure:7103: $? = 0
configure:7293: checking for mt
configure:7309: found /bin/mt
configure:7320: result: mt
configure:7343: checking if mt is a manifest tool
configure:7349: mt '-?'
configure:7357: result: no
configure:8034: checking how to run the C preprocessor
configure:8065: gcc -E  conftest.c
configure:8065: $? = 0
configure:8079: gcc -E  conftest.c
conftest.c:11:10: fatal error: ac_nonexistent.h: No such file or directory
   11 | #include <ac_nonexistent.h>
      |          ^~~~~~~~~~~~~~~~~~
compilation terminated.
configure:8079: $? = 1
configure: failed program was:
| /* confdefs.h */
| #define PACKAGE_NAME ""
| #define PACKAGE_TARNAME ""
| #define PACKAGE_VERSION ""
| #define PACKAGE_STRING ""
| #define PACKAGE_BUGREPORT ""
| #define PACKAGE_URL ""
| #define PACKAGE "htmlcxx"
| #define VERSION "0.86"
| /* end confdefs.h.  */
| #include <ac_nonexistent.h>
configure:8104: result: gcc -E
configure:8124: gcc -E  conftest.c
configure:8124: $? = 0
configure:8138: gcc -E  conftest.c
conftest.c:11:10: fatal error: ac_nonexistent.h: No such file or directory
   11 | #include <ac_nonexistent.h>
      |          ^~~~~~~~~~~~~~~~~~
compilation terminated.
configure:8138: $? = 1
configure: failed program was:
| /* confdefs.h */
| #define PACKAGE_NAME ""
| #define PACKAGE_TARNAME ""
| #define PACKAGE_VERSION ""
| #define PACKAGE_STRING ""
| #define PACKAGE_BUGREPORT ""
| #define PACKAGE_URL ""
| #define PACKAGE "htmlcxx"
| #define VERSION "0.86"
| /* end confdefs.h.  */
| #include <ac_nonexistent.h>
configure:8167: checking for ANSI C header files
configure:8187: gcc -c -g -O2  conftest.c >&5
configure:8187: $? = 0
configure:8260: gcc -o conftest -g -O2   conftest.c  >&5
configure:8260: $? = 0
configure:8260: ./conftest
configure:8260: $? = 0
configure:8271: result: yes
configure:8284: checking for sys/types.h
configure:8284: gcc -c -g -O2  conftest.c >&5
configure:8284: $? = 0
configure:8284: result: yes
configure:8284: checking for sys/stat.h
configure:8284: gcc -c -g -O2  conftest.c >&5
configure:8284: $? = 0
configure:8284: result: yes
configure:8284: checking for stdlib.h
configure:8284: gcc -c -g -O2  conftest.c >&5
configure:8284: $? = 0
configure:8284: result: yes
configure:8284: checking for string.h
configure:8284: gcc -c -g -O2  conftest.c >&5
configure:8284: $? = 0
configure:8284: result: yes
configure:8284: checking for memory.h
configure:8284: gcc -c -g -O2  conftest.c >&5
configure:8284: $? = 0
configure:8284: result: yes
configure:8284: checking for strings.h
configure:8284: gcc -c -g -O2  conftest.c >&5
configure:8284: $? = 0
configure:8284: result: yes
configure:8284: checking for inttypes.h
configure:8284: gcc -c -g -O2  conftest.c >&5
configure:8284: $? = 0
configure:8284: result: yes
configure:8284: checking for stdint.h
configure:8284: gcc -c -g -O2  conftest.c >&5
configure:8284: $? = 0
configure:8284: result: yes
configure:8284: checking for unistd.h
configure:8284: gcc -c -g -O2  conftest.c >&5
configure:8284: $? = 0
configure:8284: result: yes
configure:8298: checking for dlfcn.h
configure:8298: gcc -c -g -O2  conftest.c >&5
configure:8298: $? = 0
configure:8298: result: yes
configure:8535: checking for objdir
configure:8550: result: .libs
configure:8810: checking if gcc supports -fno-rtti -fno-exceptions
configure:8828: gcc -c -g -O2  -fno-rtti -fno-exceptions conftest.c >&5
cc1: warning: command line option '-fno-rtti' is valid for C++/D/ObjC++ but not for C
configure:8832: $? = 0
configure:8845: result: no
configure:9203: checking for gcc option to produce PIC
configure:9210: result: -fPIC -DPIC
configure:9218: checking if gcc PIC flag -fPIC -DPIC works
configure:9236: gcc -c -g -O2  -fPIC -DPIC -DPIC conftest.c >&5
configure:9240: $? = 0
configure:9253: result: yes
configure:9282: checking if gcc static flag -static works
configure:9310: result: yes
configure:9325: checking if gcc supports -c -o file.o
configure:9346: gcc -c -g -O2  -o out/conftest2.o conftest.c >&5
configure:9350: $? = 0
configure:9372: result: yes
configure:9380: checking if gcc supports -c -o file.o
configure:9427: result: yes
configure:9460: checking whether the gcc linker (/usr/bin/ld -m elf_x86_64) supports shared libraries
configure:10719: result: yes
configure:10756: checking whether -lc should be explicitly linked in
configure:10764: gcc -c -g -O2  conftest.c >&5
configure:10767: $? = 0
configure:10782: gcc -shared  -fPIC -DPIC conftest.o  -v -Wl,-soname -Wl,conftest -o conftest 2\>\&1 \| /bin/grep  -lc  \>/dev/null 2\>\&1
configure:10785: $? = 0
configure:10799: result: no
configure:10959: checking dynamic linker characteristics
configure:11540: gcc -o conftest -g -O2   -Wl,-rpath -Wl,/foo conftest.c  >&5
configure:11540: $? = 0
configure:11777: result: GNU/Linux ld.so
configure:11899: checking how to hardcode library paths into programs
configure:11924: result: immediate
configure:12472: checking whether stripping libraries is possible
configure:12477: result: yes
configure:12512: checking if libtool supports shared libraries
configure:12514: result: yes
configure:12517: checking whether to build shared libraries
configure:12542: result: yes
configure:12545: checking whether to build static libraries
configure:12549: result: no
configure:9364: checking how to run the C++ preprocessor
configure:9391: g++ -E  conftest.cpp
configure:9391: $? = 0
configure:9405: g++ -E  conftest.cpp
conftest.cpp:23:10: fatal error: ac_nonexistent.h: No such file or directory
   23 | #include <ac_nonexistent.h>
      |          ^~~~~~~~~~~~~~~~~~
compilation terminated.
configure:9405: $? = 1
configure: failed program was:
| /* confdefs.h */
| #define PACKAGE_NAME ""
| #define PACKAGE_TARNAME ""
| #define PACKAGE_VERSION ""
| #define PACKAGE_STRING ""
| #define PACKAGE_BUGREPORT ""
| #define PACKAGE_URL ""
| #define PACKAGE "htmlcxx"
| #define VERSION "0.86"
| #define STDC_HEADERS 1
| #define HAVE_SYS_TYPES_H 1
| #define HAVE_SYS_STAT_H 1
| #define HAVE_STDLIB_H 1
| #define HAVE_STRING_H 1
| #define HAVE_MEMORY_H 1
| #define HAVE_STRINGS_H 1
| #define HAVE_INTTYPES_H 1
| #define HAVE_STDINT_H 1
| #define HAVE_UNISTD_H 1
| #define HAVE_DLFCN_H 1
| #define LT_OBJDIR ".libs/"
| /* end confdefs.h.  */
| #include <ac_nonexistent.h>
configure:9430: result: g++ -E
configure:9450: g++ -E  conftest.cpp
configure:9450: $? = 0
configure:9464: g++ -E  conftest.cpp
conftest.cpp:23:10: fatal error: ac_nonexistent.h: No such file or directory
   23 | #include <ac_nonexistent.h>
      |          ^~~~~~~~~~~~~~~~~~
compilation terminated.
configure:9464: $? = 1
configure: failed program was:
| /* confdefs.h */
| #define PACKAGE_NAME ""
| #define PACKAGE_TARNAME ""
| #define PACKAGE_VERSION ""
| #define PACKAGE_STRING ""
| #define PACKAGE_BUGREPORT ""
| #define PACKAGE_URL ""
| #define PACKAGE "htmlcxx"
| #define VERSION "0.86"
| #define STDC_HEADERS 1
| #define HAVE_SYS_TYPES_H 1
| #define HAVE_SYS_STAT_H 1
| #define HAVE_STDLIB_H 1
| #define HAVE_STRING_H 1
| #define HAVE_MEMORY_H 1
| #define HAVE_STRINGS_H 1
| #define HAVE_INTTYPES_H 1
| #define HAVE_STDINT_H 1
| #define HAVE_UNISTD_H 1
| #define HAVE_DLFCN_H 1
| #define LT_OBJDIR ".libs/"
| /* end confdefs.h.  */
| #include <ac_nonexistent.h>
configure:9626: checking for ld used by g++
configure:9693: result: /usr/bin/ld -m elf_x86_64
configure:9700: checking if the linker (/usr/bin/ld -m elf_x86_64) is GNU ld
configure:9715: result: yes
configure:9770: checking whether the g++ linker (/usr/bin/ld -m elf_x86_64) supports shared libraries
configure:10843: result: yes
configure:10879: g++ -c -g -O2  conftest.cpp >&5
configure:10882: $? = 0
configure:11363: checking for g++ option to produce PIC
configure:11370: result: -fPIC -DPIC
configure:11378: checking if g++ PIC flag -fPIC -DPIC works
configure:11396: g++ -c -g -O2  -fPIC -DPIC -DPIC conftest.cpp >&5
configure:11400: $? = 0
configure:11413: result: yes
configure:11436: checking if g++ static flag -static works
configure:11464: result: yes
configure:11476: checking if g++ supports -c -o file.o
configure:11497: g++ -c -g -O2  -o out/conftest2.o conftest.cpp >&5
configure:11501: $? = 0
configure:11523: result: yes
configure:11528: checking if g++ supports -c -o file.o
configure:11575: result: yes
configure:11605: checking whether the g++ linker (/usr/bin/ld -m elf_x86_64) supports shared libraries
configure:11645: result: yes
configure:11786: checking dynamic linker characteristics
configure:12531: result: GNU/Linux ld.so
configure:12596: checking how to hardcode library paths into programs
configure:12621: result: immediate
configure:11531: checking for main in -lfl
configure:11550: gcc -o conftest -g -O2   conftest.c -lfl   >&5
/usr/bin/ld: cannot find -lfl
collect2: error: ld returned 1 exit status
configure:11550: $? = 1
configure: failed program was:
| /* confdefs.h */
| #define PACKAGE_NAME ""
| #define PACKAGE_TARNAME ""
| #define PACKAGE_VERSION ""
| #define PACKAGE_STRING ""
| #define PACKAGE_BUGREPORT ""
| #define PACKAGE_URL ""
| #define PACKAGE "htmlcxx"
| #define VERSION "0.86"
| #define STDC_HEADERS 1
| #define HAVE_SYS_TYPES_H 1
| #define HAVE_SYS_STAT_H 1
| #define HAVE_STDLIB_H 1
| #define HAVE_STRING_H 1
| #define HAVE_MEMORY_H 1
| #define HAVE_STRINGS_H 1
| #define HAVE_INTTYPES_H 1
| #define HAVE_STDINT_H 1
| #define HAVE_UNISTD_H 1
| #define HAVE_DLFCN_H 1
| #define LT_OBJDIR ".libs/"
| /* end confdefs.h.  */
| 
| 
| int
| main ()
| {
| return main ();
|   ;
|   return 0;
| }
configure:11559: result: no
configure:11570: checking for iconv_open in -liconv
configure:11595: gcc -o conftest -g -O2   conftest.c -liconv   >&5
/usr/bin/ld: cannot find -liconv
collect2: error: ld returned 1 exit status
configure:11595: $? = 1
configure: failed program was:
| /* confdefs.h */
| #define PACKAGE_NAME ""
| #define PACKAGE_TARNAME ""
| #define PACKAGE_VERSION ""
| #define PACKAGE_STRING ""
| #define PACKAGE_BUGREPORT ""
| #define PACKAGE_URL ""
| #define PACKAGE "htmlcxx"
| #define VERSION "0.86"
| #define STDC_HEADERS 1
| #define HAVE_SYS_TYPES_H 1
| #define HAVE_SYS_STAT_H 1
| #define HAVE_STDLIB_H 1
| #define HAVE_STRING_H 1
| #define HAVE_MEMORY_H 1
| #define HAVE_STRINGS_H 1
| #define HAVE_INTTYPES_H 1
| #define HAVE_STDINT_H 1
| #define HAVE_UNISTD_H 1
| #define HAVE_DLFCN_H 1
| #define LT_OBJDIR ".libs/"
| /* end confdefs.h.  */
| 
| /* Override any GCC internal prototype to avoid an error.
|    Use char because int might match the return type of a GCC
|    builtin and then its argument prototype would still apply.  */
| #ifdef __cplusplus
| extern "C"
| #endif
| char iconv_open ();
| int
| main ()
| {
| return iconv_open ();
|   ;
|   return 0;
| }
configure:11604: result: no
configure:11618: checking for ANSI C header files
configure:11722: result: yes
configure:11733: checking for stdbool.h that conforms to C99
configure:11800: gcc -c -g -O2  conftest.c >&5
configure:11800: $? = 0
configure:11807: result: yes
configure:11809: checking for _Bool
configure:11809: gcc -c -g -O2  conftest.c >&5
configure:11809: $? = 0
configure:11809: gcc -c -g -O2  conftest.c >&5
conftest.c: In function 'main':
conftest.c:60:20: error: expected expression before ')' token
   60 | if (sizeof ((_Bool)))
      |                    ^
configure:11809: $? = 1
configure: failed program was:
| /* confdefs.h */
| #define PACKAGE_NAME ""
| #define PACKAGE_TARNAME ""
| #define PACKAGE_VERSION ""
| #define PACKAGE_STRING ""
| #define PACKAGE_BUGREPORT ""
| #define PACKAGE_URL ""
| #define PACKAGE "htmlcxx"
| #define VERSION "0.86"
| #define STDC_HEADERS 1
| #define HAVE_SYS_TYPES_H 1
| #define HAVE_SYS_STAT_H 1
| #define HAVE_STDLIB_H 1
| #define HAVE_STRING_H 1
| #define HAVE_MEMORY_H 1
| #define HAVE_STRINGS_H 1
| #define HAVE_INTTYPES_H 1
| #define HAVE_STDINT_H 1
| #define HAVE_UNISTD_H 1
| #define HAVE_DLFCN_H 1
| #define LT_OBJDIR ".libs/"
| #define STDC_HEADERS 1
| /* end confdefs.h.  */
| #include <stdio.h>
| #ifdef HAVE_SYS_TYPES_H
| # include <sys/types.h>
| #endif
| #ifdef HAVE_SYS_STAT_H
| # include <sys/stat.h>
| #endif
| #ifdef STDC_HEADERS
| # include <stdlib.h>
| # include <stddef.h>
| #else
| # ifdef HAVE_STDLIB_H
| #  include <stdlib.h>
| # endif
| #endif
| #ifdef HAVE_STRING_H
| # if !defined STDC_HEADERS && defined HAVE_MEMORY_H
| #  include <memory.h>
| # endif
| # include <string.h>
| #endif
| #ifdef HAVE_STRINGS_H
| # include <strings.h>
| #endif
| #ifdef HAVE_INTTYPES_H
| # include <inttypes.h>
| #endif
| #ifdef HAVE_STDINT_H
| # include <stdint.h>
| #endif
| #ifdef HAVE_UNISTD_H
| # include <unistd.h>
| #endif
| int
| main ()
| {
| if (sizeof ((_Bool)))
| 	    return 0;
|   ;
|   return 0;
| }
configure:11809: result: yes
configure:11826: checking for an ANSI C-conforming const
configure:11892: gcc -c -g -O2  conftest.c >&5
configure:11892: $? = 0
configure:11899: result: yes
configure:11907: checking for inline
configure:11923: gcc -c -g -O2  conftest.c >&5
configure:11923: $? = 0
configure:11931: result: inline
configure:11949: checking for size_t
configure:11949: gcc -c -g -O2  conftest.c >&5
configure:11949: $? = 0
configure:11949: gcc -c -g -O2  conftest.c >&5
conftest.c: In function 'main':
conftest.c:62:21: error: expected expression before ')' token
   62 | if (sizeof ((size_t)))
      |                     ^
configure:11949: $? = 1
configure: failed program was:
| /* confdefs.h */
| #define PACKAGE_NAME ""
| #define PACKAGE_TARNAME ""
| #define PACKAGE_VERSION ""
| #define PACKAGE_STRING ""
| #define PACKAGE_BUGREPORT ""
| #define PACKAGE_URL ""
| #define PACKAGE "htmlcxx"
| #define VERSION "0.86"
| #define STDC_HEADERS 1
| #define HAVE_SYS_TYPES_H 1
| #define HAVE_SYS_STAT_H 1
| #define HAVE_STDLIB_H 1
| #define HAVE_STRING_H 1
| #define HAVE_MEMORY_H 1
| #define HAVE_STRINGS_H 1
| #define HAVE_INTTYPES_H 1
| #define HAVE_STDINT_H 1
| #define HAVE_UNISTD_H 1
| #define HAVE_DLFCN_H 1
| #define LT_OBJDIR ".libs/"
| #define STDC_HEADERS 1
| #define HAVE__BOOL 1
| #define HAVE_STDBOOL_H 1
| /* end confdefs.h.  */
| #include <stdio.h>
| #ifdef HAVE_SYS_TYPES_H
| # include <sys/types.h>
| #endif
| #ifdef HAVE_SYS_STAT_H
| # include <sys/stat.h>
| #endif
| #ifdef STDC_HEADERS
| # include <stdlib.h>
| # include <stddef.h>
| #else
| # ifdef HAVE_STDLIB_H
| #  include <stdlib.h>
| # endif
| #endif
| #ifdef HAVE_STRING_H
| # if !defined STDC_HEADERS && defined HAVE_MEMORY_H
| #  include <memory.h>
| # endif
| # include <string.h>
| #endif
| #ifdef HAVE_STRINGS_H
| # include <strings.h>
| #endif
| #ifdef HAVE_INTTYPES_H
| # include <inttypes.h>
| #endif
| #ifdef HAVE_STDINT_H
| # include <stdint.h>
| #endif
| #ifdef HAVE_UNISTD_H
| # include <unistd.h>
| #endif
| int
| main ()
| {
| if (sizeof ((size_t)))
| 	    return 0;
|   ;
|   return 0;
| }
configure:11949: result: yes
configure:11960: checking whether time.h and sys/time.h may both be included
configure:11980: gcc -c -g -O2  conftest.c >&5
configure:11980: $? = 0
configure:11987: result: yes
configure:12110: checking that generated files are newer than configure
configure:12116: result: done
configure:12143: creating ./config.status

## ---------------------- ##
## Running config.status. ##
## ---------------------- ##

This file was extended by config.status, which was
generated by GNU Autoconf 2.69.  Invocation command line was

  CONFIG_FILES    = 
  CONFIG_HEADERS  = 
  CONFIG_LINKS    = 
  CONFIG_COMMANDS = 
  $ ./config.status 

on mortie-K42JY

config.status:1154: creating Makefile
config.status:1154: creating html/Makefile
config.status:1154: creating css/Makefile
config.status:1154: creating htmlcxx.pc
config.status:1154: creating config.h
config.status:1383: executing depfiles commands
config.status:1383: executing libtool commands

## ---------------- ##
## Cache variables. ##
## ---------------- ##

ac_cv_build=x86_64-unknown-linux-gnu
ac_cv_c_compiler_gnu=yes
ac_cv_c_const=yes
ac_cv_c_inline=inline
ac_cv_cxx_compiler_gnu=yes
ac_cv_env_CCC_set=
ac_cv_env_CCC_value=
ac_cv_env_CC_set=
ac_cv_env_CC_value=
ac_cv_env_CFLAGS_set=
ac_cv_env_CFLAGS_value=
ac_cv_env_CPPFLAGS_set=
ac_cv_env_CPPFLAGS_value=
ac_cv_env_CPP_set=
ac_cv_env_CPP_value=
ac_cv_env_CXXCPP_set=
ac_cv_env_CXXCPP_value=
ac_cv_env_CXXFLAGS_set=
ac_cv_env_CXXFLAGS_value=
ac_cv_env_CXX_set=
ac_cv_env_CXX_value=
ac_cv_env_LDFLAGS_set=
ac_cv_env_LDFLAGS_value=
ac_cv_env_LIBS_set=
ac_cv_env_LIBS_value=
ac_cv_env_LT_SYS_LIBRARY_PATH_set=
ac_cv_env_LT_SYS_LIBRARY_PATH_value=
ac_cv_env_YACC_set=
ac_cv_env_YACC_value=
ac_cv_env_YFLAGS_set=
ac_cv_env_YFLAGS_value=
ac_cv_env_build_alias_set=
ac_cv_env_build_alias_value=
ac_cv_env_host_alias_set=
ac_cv_env_host_alias_value=
ac_cv_env_target_alias_set=
ac_cv_env_target_alias_value=
ac_cv_header_dlfcn_h=yes
ac_cv_header_inttypes_h=yes
ac_cv_header_memory_h=yes
ac_cv_header_stdbool_h=yes
ac_cv_header_stdc=yes
ac_cv_header_stdint_h=yes
ac_cv_header_stdlib_h=yes
ac_cv_header_string_h=yes
ac_cv_header_strings_h=yes
ac_cv_header_sys_stat_h=yes
ac_cv_header_sys_types_h=yes
ac_cv_header_time=yes
ac_cv_header_unistd_h=yes
ac_cv_host=x86_64-unknown-linux-gnu
ac_cv_lib_fl_main=no
ac_cv_lib_iconv_iconv_open=no
ac_cv_objext=o
ac_cv_path_EGREP='/bin/grep -E'
ac_cv_path_FGREP='/bin/grep -F'
ac_cv_path_GREP=/bin/grep
ac_cv_path_SED=/bin/sed
ac_cv_path_install='/usr/bin/install -c'
ac_cv_path_lt_DD=/bin/dd
ac_cv_path_mkdir=/bin/mkdir
ac_cv_prog_AWK=gawk
ac_cv_prog_CPP='gcc -E'
ac_cv_prog_CXXCPP='g++ -E'
ac_cv_prog_ac_ct_AR=ar
ac_cv_prog_ac_ct_CC=gcc
ac_cv_prog_ac_ct_CXX=g++
ac_cv_prog_ac_ct_MANIFEST_TOOL=mt
ac_cv_prog_ac_ct_OBJDUMP=objdump
ac_cv_prog_ac_ct_RANLIB=ranlib
ac_cv_prog_ac_ct_STRIP=strip
ac_cv_prog_cc_c89=
ac_cv_prog_cc_g=yes
ac_cv_prog_cxx_g=yes
ac_cv_prog_make_make_set=yes
ac_cv_type__Bool=yes
ac_cv_type_size_t=yes
am_cv_CC_dependencies_compiler_type=gcc3
am_cv_CXX_dependencies_compiler_type=gcc3
am_cv_make_support_nested_variables=yes
am_cv_prog_cc_c_o=yes
lt_cv_ar_at_file=@
lt_cv_archive_cmds_need_lc=no
lt_cv_deplibs_check_method=pass_all
lt_cv_file_magic_cmd='$MAGIC_CMD'
lt_cv_file_magic_test_file=
lt_cv_ld_reload_flag=-r
lt_cv_nm_interface='BSD nm'
lt_cv_objdir=.libs
lt_cv_path_LD=/usr/bin/ld
lt_cv_path_LDCXX='/usr/bin/ld -m elf_x86_64'
lt_cv_path_NM='/usr/bin/nm -B'
lt_cv_path_mainfest_tool=no
lt_cv_prog_compiler_c_o=yes
lt_cv_prog_compiler_c_o_CXX=yes
lt_cv_prog_compiler_pic='-fPIC -DPIC'
lt_cv_prog_compiler_pic_CXX='-fPIC -DPIC'
lt_cv_prog_compiler_pic_works=yes
lt_cv_prog_compiler_pic_works_CXX=yes
lt_cv_prog_compiler_rtti_exceptions=no
lt_cv_prog_compiler_static_works=yes
lt_cv_prog_compiler_static_works_CXX=yes
lt_cv_prog_gnu_ld=yes
lt_cv_prog_gnu_ldcxx=yes
lt_cv_sharedlib_from_linklib_cmd='printf %s\n'
lt_cv_shlibpath_overrides_runpath=yes
lt_cv_sys_global_symbol_pipe='sed -n -e '\''s/^.*[	 ]\([ABCDGIRSTW][ABCDGIRSTW]*\)[	 ][	 ]*\([_A-Za-z][_A-Za-z0-9]*\)$/\1 \2 \2/p'\'' | sed '\''/ __gnu_lto/d'\'''
lt_cv_sys_global_symbol_to_c_name_address='sed -n -e '\''s/^: \(.*\) .*$/  {"\1", (void *) 0},/p'\'' -e '\''s/^[ABCDGIRSTW][ABCDGIRSTW]* .* \(.*\)$/  {"\1", (void *) \&\1},/p'\'''
lt_cv_sys_global_symbol_to_c_name_address_lib_prefix='sed -n -e '\''s/^: \(.*\) .*$/  {"\1", (void *) 0},/p'\'' -e '\''s/^[ABCDGIRSTW][ABCDGIRSTW]* .* \(lib.*\)$/  {"\1", (void *) \&\1},/p'\'' -e '\''s/^[ABCDGIRSTW][ABCDGIRSTW]* .* \(.*\)$/  {"lib\1", (void *) \&\1},/p'\'''
lt_cv_sys_global_symbol_to_cdecl='sed -n -e '\''s/^T .* \(.*\)$/extern int \1();/p'\'' -e '\''s/^[ABCDGIRSTW][ABCDGIRSTW]* .* \(.*\)$/extern char \1;/p'\'''
lt_cv_sys_global_symbol_to_import=
lt_cv_sys_max_cmd_len=1572864
lt_cv_to_host_file_cmd=func_convert_file_noop
lt_cv_to_tool_file_cmd=func_convert_file_noop
lt_cv_truncate_bin='/bin/dd bs=4096 count=1'

## ----------------- ##
## Output variables. ##
## ----------------- ##

ACLOCAL='${SHELL} /home/mortie/Applications/Programming/Morketie/htmlcxx/missing aclocal-1.15'
AMDEPBACKSLASH='\'
AMDEP_FALSE='#'
AMDEP_TRUE=''
AMTAR='$${TAR-tar}'
AM_BACKSLASH='\'
AM_DEFAULT_V='$(AM_DEFAULT_VERBOSITY)'
AM_DEFAULT_VERBOSITY='1'
AM_V='$(V)'
AR='ar'
AUTOCONF='${SHELL} /home/mortie/Applications/Programming/Morketie/htmlcxx/missing autoconf'
AUTOHEADER='${SHELL} /home/mortie/Applications/Programming/Morketie/htmlcxx/missing autoheader'
AUTOMAKE='${SHELL} /home/mortie/Applications/Programming/Morketie/htmlcxx/missing automake-1.15'
AWK='gawk'
CC='gcc'
CCDEPMODE='depmode=gcc3'
CFLAGS='-g -O2'
CPP='gcc -E'
CPPFLAGS=''
CXX='g++'
CXXCPP='g++ -E'
CXXDEPMODE='depmode=gcc3'
CXXFLAGS='-g -O2 -DDEFAULT_CSS="\"${datarootdir}/htmlcxx/css/default.css\""'
CYGPATH_W='echo'
DEFS='-DHAVE_CONFIG_H'
DEPDIR='.deps'
DLLTOOL='false'
DSYMUTIL=''
DUMPBIN=''
ECHO_C=''
ECHO_N='-n'
ECHO_T=''
EGREP='/bin/grep -E'
EXEEXT=''
FGREP='/bin/grep -F'
GREP='/bin/grep'
INSTALL_DATA='${INSTALL} -m 644'
INSTALL_PROGRAM='${INSTALL}'
INSTALL_SCRIPT='${INSTALL}'
INSTALL_STRIP_PROGRAM='$(install_sh) -c -s'
LD='/usr/bin/ld -m elf_x86_64'
LDFLAGS=''
LEX='${SHELL} /home/mortie/Applications/Programming/Morketie/htmlcxx/missing flex'
LEXLIB=''
LEX_OUTPUT_ROOT=''
LIBOBJS=''
LIBS=''
LIBTOOL='$(SHELL) $(top_builddir)/libtool'
LIPO=''
LN_S='ln -s'
LTLIBOBJS=''
LT_SYS_LIBRARY_PATH=''
MAKEINFO='${SHELL} /home/mortie/Applications/Programming/Morketie/htmlcxx/missing makeinfo'
MANIFEST_TOOL=':'
MKDIR_P='/bin/mkdir -p'
NM='/usr/bin/nm -B'
NMEDIT=''
OBJDUMP='objdump'
OBJEXT='o'
OTOOL64=''
OTOOL=''
PACKAGE='htmlcxx'
PACKAGE_BUGREPORT=''
PACKAGE_NAME=''
PACKAGE_STRING=''
PACKAGE_TARNAME=''
PACKAGE_URL=''
PACKAGE_VERSION=''
PATH_SEPARATOR=':'
RANLIB='ranlib'
SED='/bin/sed'
SET_MAKE=''
SHELL='/bin/bash'
STRIP='strip'
VERSION='0.86'
YACC='yacc'
YFLAGS=''
ac_ct_AR='ar'
ac_ct_CC='gcc'
ac_ct_CXX='g++'
ac_ct_DUMPBIN=''
am__EXEEXT_FALSE=''
am__EXEEXT_TRUE='#'
am__fastdepCC_FALSE='#'
am__fastdepCC_TRUE=''
am__fastdepCXX_FALSE='#'
am__fastdepCXX_TRUE=''
am__include='include'
am__isrc=''
am__leading_dot='.'
am__nodep='_no'
am__quote=''
am__tar='$${TAR-tar} chof - "$$tardir"'
am__untar='$${TAR-tar} xf -'
bindir='${exec_prefix}/bin'
build='x86_64-unknown-linux-gnu'
build_alias=''
build_cpu='x86_64'
build_os='linux-gnu'
build_vendor='unknown'
datadir='${datarootdir}'
datarootdir='${prefix}/share'
docdir='${datarootdir}/doc/${PACKAGE}'
dvidir='${docdir}'
exec_prefix='${prefix}'
host='x86_64-unknown-linux-gnu'
host_alias=''
host_cpu='x86_64'
host_os='linux-gnu'
host_vendor='unknown'
htmldir='${docdir}'
includedir='${prefix}/include'
infodir='${datarootdir}/info'
install_sh='${SHELL} /home/mortie/Applications/Programming/Morketie/htmlcxx/install-sh'
libdir='${exec_prefix}/lib'
libexecdir='${exec_prefix}/libexec'
localedir='${datarootdir}/locale'
localstatedir='${prefix}/var'
mandir='${datarootdir}/man'
mkdir_p='$(MKDIR_P)'
oldincludedir='/usr/include'
pdfdir='${docdir}'
prefix='/usr/local'
program_transform_name='s,x,x,'
psdir='${docdir}'
sbindir='${exec_prefix}/sbin'
sharedstatedir='${prefix}/com'
sysconfdir='${prefix}/etc'
target_alias=''

## ----------- ##
## confdefs.h. ##
## ----------- ##

/* confdefs.h */
#define PACKAGE_NAME ""
#define PACKAGE_TARNAME ""
#define PACKAGE_VERSION ""
#define PACKAGE_STRING ""
#define PACKAGE_BUGREPORT ""
#define PACKAGE_URL ""
#define PACKAGE "htmlcxx"
#define VERSION "0.86"
#define STDC_HEADERS 1
#define HAVE_SYS_TYPES_H 1
#define HAVE_SYS_STAT_H 1
#define HAVE_STDLIB_H 1
#define HAVE_STRING_H 1
#define HAVE_MEMORY_H 1
#define HAVE_STRINGS_H 1
#define HAVE_INTTYPES_H 1
#define HAVE_STDINT_H 1
#define HAVE_UNISTD_H 1
#define HAVE_DLFCN_H 1
#define LT_OBJDIR ".libs/"
#define STDC_HEADERS 1
#define HAVE__BOOL 1
#define HAVE_STDBOOL_H 1
#define TIME_WITH_SYS_TIME 1

configure: exit 0
